# JRE version: Java(TM) SE Runtime Environment (23.0.1+11) (build 23.0.1+11-39)
# Java VM: Java HotSpot(TM) 64-Bit Server VM (23.0.1+11-39, mixed mode, emulated-client, sharing, tiered, compressed oops, compressed class ptrs, g1 gc, windows-amd64)
GC Precious Log:
 CardTable entry size: 512
 Card Set container configuration: InlinePtr #cards 5 size 8 Array Of Cards #cards 10 size 36 Howl #buckets 4 coarsen threshold 1843 Howl Bitmap #cards 512 size 80 coarsen threshold 460 Card regions per heap region 1 cards per card region 2048
 CPUs: 8 total, 8 available
 Memory: 8025M
 Large Page Support: Disabled
 NUMA Support: Disabled
 Compressed Oops: Enabled (32-bit)
 Heap Region Size: 1M
 Heap Min Capacity: 8M
 Heap Initial Capacity: 126M
 Heap Max Capacity: 2008M
 Pre-touch: Disabled
 Parallel Workers: 8
 Concurrent Workers: 2
 Concurrent Refinement Workers: 8
 Periodic GC: Disabled
Heap:
 garbage-first heap   total reserved 2056192K, committed 61440K, used 34887K [0x0000000082800000, 0x0000000100000000)
  region size 1024K, 14 young (14336K), 4 survivors (4096K)
 Metaspace       used 55567K, committed 56192K, reserved 1114112K
  class space    used 7981K, committed 8256K, reserved 1048576K
GC Heap History (20 events):
Event: 2.606 GC heap before
{Heap before GC invocations=1 (full 0):
 garbage-first heap   total reserved 2056192K, committed 129024K, used 29354K [0x0000000082800000, 0x0000000100000000)
  region size 1024K, 22 young (22528K), 3 survivors (3072K)
 Metaspace       used 10286K, committed 10688K, reserved 1114112K
  class space    used 1374K, committed 1536K, reserved 1048576K
}
Event: 2.615 GC heap after
{Heap after GC invocations=2 (full 0):
 garbage-first heap   total reserved 2056192K, committed 129024K, used 11396K [0x0000000082800000, 0x0000000100000000)
  region size 1024K, 2 young (2048K), 2 survivors (2048K)
 Metaspace       used 10286K, committed 10688K, reserved 1114112K
  class space    used 1374K, committed 1536K, reserved 1048576K
}
Event: 4.033 GC heap before
{Heap before GC invocations=2 (full 0):
 garbage-first heap   total reserved 2056192K, committed 129024K, used 57476K [0x0000000082800000, 0x0000000100000000)
  region size 1024K, 49 young (50176K), 2 survivors (2048K)
 Metaspace       used 21087K, committed 21504K, reserved 1114112K
  class space    used 2889K, committed 3072K, reserved 1048576K
}
Event: 4.046 GC heap after
{Heap after GC invocations=3 (full 0):
 garbage-first heap   total reserved 2056192K, committed 129024K, used 15210K [0x0000000082800000, 0x0000000100000000)
  region size 1024K, 5 young (5120K), 5 survivors (5120K)
 Metaspace       used 21087K, committed 21504K, reserved 1114112K
  class space    used 2889K, committed 3072K, reserved 1048576K
}
Event: 5.257 GC heap before
{Heap before GC invocations=4 (full 0):
 garbage-first heap   total reserved 2056192K, committed 51200K, used 40810K [0x0000000082800000, 0x0000000100000000)
  region size 1024K, 30 young (30720K), 5 survivors (5120K)
 Metaspace       used 22985K, committed 23424K, reserved 1114112K
  class space    used 3160K, committed 3328K, reserved 1048576K
}
Event: 5.266 GC heap after
{Heap after GC invocations=5 (full 0):
 garbage-first heap   total reserved 2056192K, committed 51200K, used 16842K [0x0000000082800000, 0x0000000100000000)
  region size 1024K, 2 young (2048K), 2 survivors (2048K)
 Metaspace       used 22985K, committed 23424K, reserved 1114112K
  class space    used 3160K, committed 3328K, reserved 1048576K
}
Event: 5.823 GC heap before
{Heap before GC invocations=5 (full 0):
 garbage-first heap   total reserved 2056192K, committed 51200K, used 38346K [0x0000000082800000, 0x0000000100000000)
  region size 1024K, 23 young (23552K), 2 survivors (2048K)
 Metaspace       used 25916K, committed 26368K, reserved 1114112K
  class space    used 3611K, committed 3776K, reserved 1048576K
}
Event: 5.831 GC heap after
{Heap after GC invocations=6 (full 0):
 garbage-first heap   total reserved 2056192K, committed 51200K, used 18330K [0x0000000082800000, 0x0000000100000000)
  region size 1024K, 2 young (2048K), 2 survivors (2048K)
 Metaspace       used 25916K, committed 26368K, reserved 1114112K
  class space    used 3611K, committed 3776K, reserved 1048576K
}
Event: 6.299 GC heap before
{Heap before GC invocations=6 (full 0):
 garbage-first heap   total reserved 2056192K, committed 51200K, used 38810K [0x0000000082800000, 0x0000000100000000)
  region size 1024K, 22 young (22528K), 2 survivors (2048K)
 Metaspace       used 28634K, committed 29184K, reserved 1114112K
  class space    used 4074K, committed 4288K, reserved 1048576K
}
Event: 6.303 GC heap after
{Heap after GC invocations=7 (full 0):
 garbage-first heap   total reserved 2056192K, committed 51200K, used 20356K [0x0000000082800000, 0x0000000100000000)
  region size 1024K, 3 young (3072K), 3 survivors (3072K)
 Metaspace       used 28634K, committed 29184K, reserved 1114112K
  class space    used 4074K, committed 4288K, reserved 1048576K
}
Event: 6.804 GC heap before
{Heap before GC invocations=7 (full 0):
 garbage-first heap   total reserved 2056192K, committed 51200K, used 41860K [0x0000000082800000, 0x0000000100000000)
  region size 1024K, 24 young (24576K), 3 survivors (3072K)
 Metaspace       used 31121K, committed 31744K, reserved 1114112K
  class space    used 4411K, committed 4672K, reserved 1048576K
}
Event: 6.812 GC heap after
{Heap after GC invocations=8 (full 0):
 garbage-first heap   total reserved 2056192K, committed 51200K, used 22080K [0x0000000082800000, 0x0000000100000000)
  region size 1024K, 2 young (2048K), 2 survivors (2048K)
 Metaspace       used 31121K, committed 31744K, reserved 1114112K
  class space    used 4411K, committed 4672K, reserved 1048576K
}
Event: 7.314 GC heap before
{Heap before GC invocations=8 (full 0):
 garbage-first heap   total reserved 2056192K, committed 51200K, used 39488K [0x0000000082800000, 0x0000000100000000)
  region size 1024K, 20 young (20480K), 2 survivors (2048K)
 Metaspace       used 35530K, committed 36096K, reserved 1114112K
  class space    used 5048K, committed 5312K, reserved 1048576K
}
Event: 7.318 GC heap after
{Heap after GC invocations=9 (full 0):
 garbage-first heap   total reserved 2056192K, committed 51200K, used 22619K [0x0000000082800000, 0x0000000100000000)
  region size 1024K, 3 young (3072K), 3 survivors (3072K)
 Metaspace       used 35530K, committed 36096K, reserved 1114112K
  class space    used 5048K, committed 5312K, reserved 1048576K
}
Event: 7.873 GC heap before
{Heap before GC invocations=10 (full 0):
 garbage-first heap   total reserved 2056192K, committed 51200K, used 41051K [0x0000000082800000, 0x0000000100000000)
  region size 1024K, 22 young (22528K), 3 survivors (3072K)
 Metaspace       used 39592K, committed 40192K, reserved 1114112K
  class space    used 5678K, committed 5888K, reserved 1048576K
}
Event: 7.880 GC heap after
{Heap after GC invocations=11 (full 0):
 garbage-first heap   total reserved 2056192K, committed 51200K, used 23951K [0x0000000082800000, 0x0000000100000000)
  region size 1024K, 3 young (3072K), 3 survivors (3072K)
 Metaspace       used 39592K, committed 40192K, reserved 1114112K
  class space    used 5678K, committed 5888K, reserved 1048576K
}
Event: 10.900 GC heap before
{Heap before GC invocations=11 (full 0):
 garbage-first heap   total reserved 2056192K, committed 51200K, used 42383K [0x0000000082800000, 0x0000000100000000)
  region size 1024K, 22 young (22528K), 3 survivors (3072K)
 Metaspace       used 47046K, committed 47680K, reserved 1114112K
  class space    used 6660K, committed 6912K, reserved 1048576K
}
Event: 10.912 GC heap after
{Heap after GC invocations=12 (full 0):
 garbage-first heap   total reserved 2056192K, committed 61440K, used 25356K [0x0000000082800000, 0x0000000100000000)
  region size 1024K, 3 young (3072K), 3 survivors (3072K)
 Metaspace       used 47046K, committed 47680K, reserved 1114112K
  class space    used 6660K, committed 6912K, reserved 1048576K
}
Event: 13.533 GC heap before
{Heap before GC invocations=12 (full 0):
 garbage-first heap   total reserved 2056192K, committed 61440K, used 51980K [0x0000000082800000, 0x0000000100000000)
  region size 1024K, 30 young (30720K), 3 survivors (3072K)
 Metaspace       used 54092K, committed 54720K, reserved 1114112K
  class space    used 7660K, committed 7936K, reserved 1048576K
}
Event: 13.540 GC heap after
{Heap after GC invocations=13 (full 0):
 garbage-first heap   total reserved 2056192K, committed 61440K, used 26695K [0x0000000082800000, 0x0000000100000000)
  region size 1024K, 4 young (4096K), 4 survivors (4096K)
 Metaspace       used 54092K, committed 54720K, reserved 1114112K
  class space    used 7660K, committed 7936K, reserved 1048576K
}

